\BOOKMARK [0][-]{section*.2}{\376\377\000D\000e\000c\000l\000a\000r\000a\000t\000i\000o\000n\000\040\000o\000f\000\040\000A\000u\000t\000h\000o\000r\000s\000h\000i\000p}{}% 1
\BOOKMARK [0][-]{section*.3}{\376\377\000A\000b\000s\000t\000r\000a\000c\000t}{}% 2
\BOOKMARK [0][-]{section*.4}{\376\377\000A\000c\000k\000n\000o\000w\000l\000e\000d\000g\000e\000m\000e\000n\000t\000s}{}% 3
\BOOKMARK [0][-]{chapter.10}{\376\377\000I\000n\000t\000r\000o\000d\000u\000c\000t\000i\000o\000n}{}% 4
\BOOKMARK [1][-]{section.11}{\376\377\000O\000v\000e\000r\000v\000i\000e\000w}{chapter.10}% 5
\BOOKMARK [1][-]{section.12}{\376\377\000C\000u\000r\000r\000e\000n\000t\000\040\000s\000i\000t\000u\000a\000t\000i\000o\000n}{chapter.10}% 6
\BOOKMARK [1][-]{section.13}{\376\377\000T\000h\000e\000s\000i\000s\000\040\000g\000o\000a\000l}{chapter.10}% 7
\BOOKMARK [1][-]{section.14}{\376\377\000O\000u\000t\000l\000i\000n\000e}{chapter.10}% 8
\BOOKMARK [1][-]{section.15}{\376\377\000T\000e\000r\000m\000\040\000d\000e\000f\000i\000n\000i\000t\000i\000o\000n}{chapter.10}% 9
\BOOKMARK [0][-]{chapter.17}{\376\377\000B\000a\000c\000k\000g\000r\000o\000u\000n\000d}{}% 10
\BOOKMARK [1][-]{section.18}{\376\377\000R\000e\000s\000o\000u\000r\000c\000e\000\040\000D\000e\000s\000c\000r\000i\000p\000t\000i\000o\000n\000\040\000F\000r\000a\000m\000e\000w\000o\000r\000k}{chapter.17}% 11
\BOOKMARK [1][-]{section.19}{\376\377\000L\000i\000n\000k\000e\000d\000\040\000D\000a\000t\000a}{chapter.17}% 12
\BOOKMARK [1][-]{section.20}{\376\377\000J\000S\000O\000N\000-\000L\000D}{chapter.17}% 13
\BOOKMARK [1][-]{section.22}{\376\377\000R\000e\000a\000c\000t\000,\000\040\000R\000e\000d\000u\000x}{chapter.17}% 14
\BOOKMARK [1][-]{section.23}{\376\377\000R\000e\000a\000c\000t\000\040\000v\000i\000r\000t\000u\000a\000l\000i\000z\000e\000d\000\040\000s\000e\000l\000e\000c\000t\000\040\000a\000n\000d\000\040\000R\000e\000a\000c\000t\000\040\000s\000e\000l\000e\000c\000t}{chapter.17}% 15
\BOOKMARK [0][-]{chapter.24}{\376\377\000R\000e\000l\000a\000t\000e\000d\000\040\000w\000o\000r\000k}{}% 16
\BOOKMARK [1][-]{section.25}{\376\377\000R\000e\000a\000c\000t\000\040\000d\000r\000o\000p\000d\000o\000w\000n\000\040\000t\000r\000e\000e\000\040\000s\000e\000l\000e\000c\000t}{chapter.24}% 17
\BOOKMARK [1][-]{section.27}{\376\377\000R\000C\000\040\000t\000r\000e\000e\000\040\000s\000e\000l\000e\000c\000t}{chapter.24}% 18
\BOOKMARK [1][-]{section.29}{\376\377\000A\000n\000t\000\040\000d\000e\000s\000i\000g\000n\000\040\000t\000r\000e\000e\000\040\000s\000e\000l\000e\000c\000t}{chapter.24}% 19
\BOOKMARK [1][-]{section.31}{\376\377\000S\000u\000m\000m\000a\000r\000y\000\040\000o\000f\000\040\000t\000h\000e\000\040\000r\000e\000l\000a\000t\000e\000d\000\040\000w\000o\000r\000k\000s}{chapter.24}% 20
\BOOKMARK [0][-]{chapter.32}{\376\377\000D\000e\000s\000i\000g\000n}{}% 21
\BOOKMARK [1][-]{section.33}{\376\377\000R\000e\000q\000u\000i\000r\000e\000m\000e\000n\000t\000s}{chapter.32}% 22
\BOOKMARK [2][-]{subsection.34}{\376\377\000F\000u\000n\000c\000t\000i\000o\000n\000a\000l}{section.33}% 23
\BOOKMARK [2][-]{subsection.44}{\376\377\000N\000o\000n\000-\000F\000u\000n\000c\000t\000i\000o\000n\000a\000l}{section.33}% 24
\BOOKMARK [1][-]{section.49}{\376\377\000U\000s\000e\000-\000c\000a\000s\000e\000s}{chapter.32}% 25
\BOOKMARK [1][-]{section.51}{\376\377\000P\000r\000o\000v\000i\000d\000e\000r\000s\000\040\000A\000P\000I\000s\000\040\000r\000e\000s\000e\000a\000r\000c\000h}{chapter.32}% 26
\BOOKMARK [1][-]{section.53}{\376\377\000C\000o\000m\000p\000o\000n\000e\000n\000t\000\040\000a\000r\000c\000h\000i\000t\000e\000c\000t\000u\000r\000e}{chapter.32}% 27
\BOOKMARK [1][-]{section.56}{\376\377\000C\000o\000m\000p\000o\000n\000e\000n\000t\000\040\000l\000i\000f\000e\000\040\000c\000y\000c\000l\000e\000\040\000a\000n\000d\000\040\000s\000e\000a\000r\000c\000h\000\040\000c\000y\000c\000l\000e}{chapter.32}% 28
\BOOKMARK [1][-]{section.59}{\376\377\000C\000r\000e\000a\000t\000i\000n\000g\000\040\000a\000n\000d\000\040\000a\000d\000d\000i\000n\000g\000\040\000o\000p\000t\000i\000o\000n\000s}{chapter.32}% 29
\BOOKMARK [0][-]{chapter.61}{\376\377\000I\000m\000p\000l\000e\000m\000e\000n\000t\000a\000t\000i\000o\000n}{}% 30
\BOOKMARK [1][-]{section.62}{\376\377\000I\000n\000p\000u\000t\000s\000\040\000a\000n\000d\000\040\000o\000u\000t\000p\000u\000t\000s}{chapter.61}% 31
\BOOKMARK [1][-]{section.64}{\376\377\000C\000o\000m\000p\000o\000n\000e\000n\000t\000\040\000p\000a\000r\000t\000s}{chapter.61}% 32
\BOOKMARK [2][-]{subsection.65}{\376\377\000V\000i\000r\000t\000u\000a\000l\000i\000z\000e\000d\000-\000t\000r\000e\000e\000-\000s\000e\000l\000e\000c\000t\000\040\000p\000a\000r\000t}{section.64}% 33
\BOOKMARK [2][-]{subsection.66}{\376\377\000S\000e\000t\000t\000i\000n\000g\000s\000\040\000p\000a\000r\000t}{section.64}% 34
\BOOKMARK [2][-]{subsection.68}{\376\377\000M\000o\000d\000a\000l\000\040\000f\000o\000r\000m\000\040\000p\000a\000r\000t}{section.64}% 35
\BOOKMARK [1][-]{section.70}{\376\377\000P\000e\000r\000f\000o\000r\000m\000a\000n\000c\000e}{chapter.61}% 36
\BOOKMARK [1][-]{section.76}{\376\377\000R\000e\000n\000d\000e\000r\000\040\000a\000l\000g\000o\000r\000i\000t\000h\000m}{chapter.61}% 37
\BOOKMARK [2][-]{subsection.77}{\376\377\000F\000i\000l\000t\000e\000r\000\040\000a\000l\000g\000o\000r\000i\000t\000h\000m}{section.76}% 38
\BOOKMARK [2][-]{subsection.78}{\376\377\000M\000e\000r\000g\000e\000\040\000a\000l\000g\000o\000r\000i\000t\000h\000m}{section.76}% 39
\BOOKMARK [2][-]{subsection.79}{\376\377\000S\000o\000r\000t\000\040\000a\000l\000g\000o\000r\000i\000t\000h\000m}{section.76}% 40
\BOOKMARK [2][-]{subsection.80}{\376\377\000P\000e\000r\000f\000o\000r\000m\000a\000n\000c\000e\000\040\000r\000e\000s\000u\000l\000t\000s}{section.76}% 41
\BOOKMARK [0][-]{chapter.83}{\376\377\000C\000o\000n\000c\000l\000u\000s\000i\000o\000n}{}% 42
\BOOKMARK [1][-]{section.84}{\376\377\000F\000u\000t\000u\000r\000e\000\040\000w\000o\000r\000k}{chapter.83}% 43
\BOOKMARK [1][-]{section.85}{\376\377\000S\000u\000m\000m\000a\000r\000y}{chapter.83}% 44
\BOOKMARK [0][-]{appendix.86}{\376\377\000I\000n\000t\000e\000l\000l\000i\000g\000e\000n\000t\000\040\000T\000r\000e\000e\000\040\000S\000e\000l\000e\000c\000t\000\040\000c\000o\000m\000p\000o\000n\000e\000n\000t\000\040\000A\000P\000I}{}% 45
\BOOKMARK [0][-]{appendix*.90}{\376\377\000B\000i\000b\000l\000i\000o\000g\000r\000a\000p\000h\000y}{}% 46
